\BOOKMARK [1][-]{section.1}{\376\377\127\372\116\216\230\172\136\217\133\130\120\250\176\323\147\204\166\204\176\277\140\047\210\150\133\236\163\260}{}% 1
\BOOKMARK [2][-]{subsection.1.1}{\376\377\133\236\232\214\166\356\166\204}{section.1}% 2
\BOOKMARK [3][-]{subsubsection.1.1.1}{\376\377\176\277\140\047\210\150\142\275\214\141\145\160\143\156\174\173\127\213}{subsection.1.1}% 3
\BOOKMARK [3][-]{subsubsection.1.1.2}{\376\377\176\277\140\047\210\150\166\204\145\207\116\366\137\142\137\017\117\335\133\130}{subsection.1.1}% 4
\BOOKMARK [3][-]{subsubsection.1.1.3}{\376\377\133\236\163\260\131\032\116\052\176\277\140\047\210\150\173\241\164\006}{subsection.1.1}% 5
\BOOKMARK [2][-]{subsection.1.2}{\376\377\174\373\176\337\213\276\213\241}{section.1}% 6
\BOOKMARK [3][-]{subsubsection.1.2.1}{\376\377\145\160\143\156\176\323\147\204\213\276\213\241}{subsection.1.2}% 7
\BOOKMARK [3][-]{subsubsection.1.2.2}{\376\377\157\024\171\072\174\373\176\337\213\276\213\241}{subsection.1.2}% 8
\BOOKMARK [2][-]{subsection.1.3}{\376\377\174\373\176\337\133\236\163\260}{section.1}% 9
\BOOKMARK [3][-]{subsubsection.1.3.1}{\376\377\176\277\140\047\210\150\217\320\173\227\173\227\154\325\133\236\163\260}{subsection.1.3}% 10
\BOOKMARK [3][-]{subsubsection.1.3.2}{\376\377\145\207\116\366\133\130\120\250\133\236\163\260\173\227\154\325}{subsection.1.3}% 11
\BOOKMARK [3][-]{subsubsection.1.3.3}{\376\377\131\032\176\277\140\047\210\150\133\130\120\250\133\236\163\260\173\227\154\325}{subsection.1.3}% 12
\BOOKMARK [2][-]{subsection.1.4}{\376\377\174\373\176\337\155\113\213\325}{section.1}% 13
\BOOKMARK [3][-]{subsubsection.1.4.1}{\376\377\133\236\232\214\163\257\130\203}{subsection.1.4}% 14
\BOOKMARK [3][-]{subsubsection.1.4.2}{\376\377\144\315\117\134\157\024\171\072}{subsection.1.4}% 15
\BOOKMARK [2][-]{subsection.1.5}{\376\377\133\236\232\214\134\017\176\323}{section.1}% 16
\BOOKMARK [1][-]{section.2}{\376\377\127\372\116\216\220\273\143\245\210\150\166\204\126\376\133\236\163\260}{}% 17
\BOOKMARK [2][-]{subsection.2.1}{\376\377\133\236\232\214\166\356\166\204}{section.2}% 18
\BOOKMARK [3][-]{subsubsection.2.1.1}{\376\377\220\273\143\245\210\150\142\275\214\141\145\160\143\156\174\173\127\213}{subsection.2.1}% 19
\BOOKMARK [3][-]{subsubsection.2.1.2}{\376\377\220\273\143\245\210\150\166\204\145\207\116\366\137\142\137\017\173\241\164\006}{subsection.2.1}% 20
\BOOKMARK [3][-]{subsubsection.2.1.3}{\376\377\133\236\163\260\131\032\116\052\220\273\143\245\210\150\173\241\164\006}{subsection.2.1}% 21
\BOOKMARK [2][-]{subsection.2.2}{\376\377\174\373\176\337\213\276\213\241}{section.2}% 22
\BOOKMARK [3][-]{subsubsection.2.2.1}{\376\377\145\160\143\156\176\323\147\204\213\276\213\241}{subsection.2.2}% 23
\BOOKMARK [3][-]{subsubsection.2.2.2}{\376\377\157\024\171\072\174\373\176\337\213\276\213\241}{subsection.2.2}% 24
\BOOKMARK [2][-]{subsection.2.3}{\376\377\174\373\176\337\133\236\163\260}{section.2}% 25
\BOOKMARK [3][-]{subsubsection.2.3.1}{\376\377\220\273\143\245\210\150\127\372\170\100\217\320\173\227\173\227\154\325\133\236\163\260}{subsection.2.3}% 26
\BOOKMARK [3][-]{subsubsection.2.3.2}{\376\377\145\207\116\366\133\130\120\250\173\227\154\325\133\236\163\260}{subsection.2.3}% 27
\BOOKMARK [3][-]{subsubsection.2.3.3}{\376\377\131\032\145\207\116\366\133\130\120\250\173\227\154\325\133\236\163\260}{subsection.2.3}% 28
\BOOKMARK [2][-]{subsection.2.4}{\376\377\174\373\176\337\155\113\213\325}{section.2}% 29
\BOOKMARK [3][-]{subsubsection.2.4.1}{\376\377\133\236\232\214\163\257\130\203}{subsection.2.4}% 30
\BOOKMARK [3][-]{subsubsection.2.4.2}{\376\377\144\315\117\134\157\024\171\072}{subsection.2.4}% 31
\BOOKMARK [2][-]{subsection.2.5}{\376\377\133\236\232\214\134\017\176\323}{section.2}% 32
\BOOKMARK [1][-]{section.3}{\376\377\213\376\172\013\166\204\145\066\203\267\124\214\136\372\213\256}{}% 33
\BOOKMARK [2][-]{subsection.3.1}{\376\377\127\372\116\216\230\172\136\217\133\130\120\250\176\323\147\204\166\204\176\277\140\047\210\150\133\236\163\260}{section.3}% 34
\BOOKMARK [2][-]{subsection.3.2}{\376\377\127\372\116\216\224\376\137\017\133\130\120\250\176\323\147\204\166\204\176\277\140\047\210\150\133\236\163\260}{section.3}% 35
\BOOKMARK [2][-]{subsection.3.3}{\376\377\127\372\116\216\116\214\123\311\224\376\210\150\166\204\116\214\123\311\150\021\133\236\163\260}{section.3}% 36
\BOOKMARK [2][-]{subsection.3.4}{\376\377\127\372\116\216\116\214\123\311\224\376\210\150\166\204\116\214\123\311\150\021\133\236\163\260}{section.3}% 37
\BOOKMARK [1][-]{section*.2}{\376\377\123\302\200\003\145\207\163\056}{}% 38
\BOOKMARK [1][-]{section*.3}{\376\377\226\104\137\125\000A\000\040\127\372\116\216\230\172\136\217\133\130\120\250\176\323\147\204\176\277\140\047\210\150\133\236\163\260\166\204\156\220\172\013\136\217}{}% 39
\BOOKMARK [1][-]{section*.4}{\376\377\226\104\137\125\000B\000\040\127\372\116\216\224\376\137\017\133\130\120\250\176\323\147\204\176\277\140\047\210\150\133\236\163\260\166\204\156\220\172\013\136\217}{}% 40
\BOOKMARK [1][-]{section*.5}{\376\377\226\104\137\125\000C\000\040\127\372\116\216\116\214\123\311\224\376\210\150\116\214\123\311\150\021\133\236\163\260\166\204\156\220\172\013\136\217}{}% 41
\BOOKMARK [1][-]{section*.6}{\376\377\226\104\137\125\000D\000\040\127\372\116\216\220\273\143\245\210\150\126\376\133\236\163\260\166\204\156\220\172\013\136\217}{}% 42
